Running: C:\Xilinx\14.5\ISE_DS\ISE\bin\nt64\unwrapped\fuse.exe -intstyle ise -incremental -o C:/Users/Guido Di Chiara/Documents/Semestre Corrente/Architettura dei Sistemi di Elaborazione/Tesina/Esercizio3/Flip-Flop_D_ETd_Mazzeo/D_ETd_Mazzeo_tb_isim_beh.exe -prj C:/Users/Guido Di Chiara/Documents/Semestre Corrente/Architettura dei Sistemi di Elaborazione/Tesina/Esercizio3/Flip-Flop_D_ETd_Mazzeo/D_ETd_Mazzeo_tb_beh.prj work.D_ETd_Mazzeo_tb 
ISim P.58f (signature 0x7708f090)
Number of CPUs detected in this system: 4
Turning on mult-threading, number of parallel sub-compilation jobs: 8 
Determining compilation order of HDL files
Parsing VHDL file "C:/Users/Guido Di Chiara/Documents/Semestre Corrente/Architettura dei Sistemi di Elaborazione/Tesina/Esercizio3/Flip-Flop_D_ETd_Mazzeo/RS.vhd" into library work
Parsing VHDL file "C:/Users/Guido Di Chiara/Documents/Semestre Corrente/Architettura dei Sistemi di Elaborazione/Tesina/Esercizio3/Flip-Flop_D_ETd_Mazzeo/Flip-Flop_D_ETd_Mazzeo.vhd" into library work
Parsing VHDL file "C:/Users/Guido Di Chiara/Documents/Semestre Corrente/Architettura dei Sistemi di Elaborazione/Tesina/Esercizio3/Flip-Flop_D_ETd_Mazzeo/Flip-Flop_D_ETd_Mazzeo_tb.vhd" into library work
Starting static elaboration
Completed static elaboration
Compiling package standard
Compiling package std_logic_1164
Compiling architecture behavioral of entity RS [rs_default]
Compiling architecture structural of entity D_ETd_Mazzeo [d_etd_mazzeo_default]
Compiling architecture behavioral of entity d_etd_mazzeo_tb
Time Resolution for simulation is 1ps.
Waiting for 1 sub-compilation(s) to finish...
WARNING:Simulator - Unable to copy libPortabilityNOSH.dll to the simulation executable directory: boost::filesystem::copy_file: Impossibile trovare il percorso specificato, "isim\D_ETd_Mazzeo_tb_isim_beh.exe.sim\libPortability.dll".
Compiled 7 VHDL Units
Built simulation executable C:/Users/Guido Di Chiara/Documents/Semestre Corrente/Architettura dei Sistemi di Elaborazione/Tesina/Esercizio3/Flip-Flop_D_ETd_Mazzeo/D_ETd_Mazzeo_tb_isim_beh.exe
Fuse Memory Usage: 29612 KB
Fuse CPU Usage: 374 ms
