Running: fuse.exe -relaunch -intstyle "ise" -incremental -o "C:/Users/Guido Di Chiara/Documents/Semestre Corrente/Architettura dei Sistemi di Elaborazione/Tesina/Esercizio9/MAC_multiplier_tb_isim_beh.exe" -prj "C:/Users/Guido Di Chiara/Documents/Semestre Corrente/Architettura dei Sistemi di Elaborazione/Tesina/Esercizio9/MAC_multiplier_tb_beh.prj" "work.MAC_multiplier_tb" 
ISim P.58f (signature 0x7708f090)
Number of CPUs detected in this system: 4
Turning on mult-threading, number of parallel sub-compilation jobs: 8 
Determining compilation order of HDL files
Parsing VHDL file "C:/Users/Guido Di Chiara/Documents/Semestre Corrente/Architettura dei Sistemi di Elaborazione/Tesina/Esercizio9/full_adder.vhd" into library work
Parsing VHDL file "C:/Users/Guido Di Chiara/Documents/Semestre Corrente/Architettura dei Sistemi di Elaborazione/Tesina/Esercizio9/MAC_cell.vhd" into library work
Parsing VHDL file "C:/Users/Guido Di Chiara/Documents/Semestre Corrente/Architettura dei Sistemi di Elaborazione/Tesina/Esercizio9/MAC_multiplier.vhd" into library work
Parsing VHDL file "C:/Users/Guido Di Chiara/Documents/Semestre Corrente/Architettura dei Sistemi di Elaborazione/Tesina/Esercizio9/MAC_multiplier_tb.vhd" into library work
Starting static elaboration
Completed static elaboration
Compiling package standard
Compiling package std_logic_1164
Compiling architecture dataflow of entity full_adder [full_adder_default]
Compiling architecture behavioral of entity MAC_cell [mac_cell_default]
Compiling architecture behavioral of entity MAC_multiplier [mac_multiplier_default]
Compiling architecture behavior of entity mac_multiplier_tb
Time Resolution for simulation is 1ps.
WARNING:Simulator - Unable to copy libPortabilityNOSH.dll to the simulation executable directory: boost::filesystem::copy_file: Impossibile trovare il percorso specificato, "isim\MAC_multiplier_tb_isim_beh.exe.sim\libPortability.dll".
Compiled 9 VHDL Units
Built simulation executable C:/Users/Guido Di Chiara/Documents/Semestre Corrente/Architettura dei Sistemi di Elaborazione/Tesina/Esercizio9/MAC_multiplier_tb_isim_beh.exe
Fuse Memory Usage: 30116 KB
Fuse CPU Usage: 406 ms
