Release 14.5 - ngc2edif P.58f (nt64)
Copyright (c) 1995-2012 Xilinx, Inc.  All rights reserved.
Reading design UART_On_Board.ngc ...
WARNING:NetListWriters:298 - No output is written to UART_On_Board.xncf,
   ignored.
Processing design ...
   Preping design's networks ...
   Preping design's macros ...
  finished :Prep
Writing EDIF netlist file UART_On_Board.edif ...
ngc2edif: Total memory usage is 4314604 kilobytes

Release 14.5 - ngc2edif P.58f (nt64)
Copyright (c) 1995-2012 Xilinx, Inc.  All rights reserved.
Reading design UART_On_Board.ngc ...
WARNING:NetListWriters:298 - No output is written to UART_On_Board.xncf,
   ignored.
Processing design ...
   Preping design's networks ...
   Preping design's macros ...
  finished :Prep
Writing EDIF netlist file UART_On_Board.edif ...
ngc2edif: Total memory usage is 4314604 kilobytes

