Running: fuse.exe -relaunch -intstyle "ise" -incremental -o "C:/Users/Guido Di Chiara/Documents/Semestre Corrente/Architettura dei Sistemi di Elaborazione/Tesina nuova/Esercizio4/RCA_8bit_tb_isim_beh.exe" -prj "C:/Users/Guido Di Chiara/Documents/Semestre Corrente/Architettura dei Sistemi di Elaborazione/Tesina nuova/Esercizio4/RCA_8bit_tb_beh.prj" "work.RCA_8bit_tb" 
ISim P.58f (signature 0x7708f090)
Number of CPUs detected in this system: 4
Turning on mult-threading, number of parallel sub-compilation jobs: 8 
Determining compilation order of HDL files
Parsing VHDL file "C:/Users/Guido Di Chiara/Documents/Semestre Corrente/Architettura dei Sistemi di Elaborazione/Tesina nuova/Esercizio4/full_adder.vhd" into library work
Parsing VHDL file "C:/Users/Guido Di Chiara/Documents/Semestre Corrente/Architettura dei Sistemi di Elaborazione/Tesina nuova/Esercizio4/RCA_4bit.vhd" into library work
Parsing VHDL file "C:/Users/Guido Di Chiara/Documents/Semestre Corrente/Architettura dei Sistemi di Elaborazione/Tesina nuova/Esercizio4/RCA_8bit.vhd" into library work
Parsing VHDL file "C:/Users/Guido Di Chiara/Documents/Semestre Corrente/Architettura dei Sistemi di Elaborazione/Tesina nuova/Esercizio4/RCA_8bit_tb.vhd" into library work
Starting static elaboration
Completed static elaboration
Compiling package standard
Compiling package std_logic_1164
Compiling architecture dataflow of entity full_adder [full_adder_default]
Compiling architecture structural of entity RCA_4bit [rca_4bit_default]
Compiling architecture structural of entity RCA_8bit [rca_8bit_default]
Compiling architecture behavior of entity rca_8bit_tb
Time Resolution for simulation is 1ps.
Waiting for 1 sub-compilation(s) to finish...
WARNING:Simulator - Unable to copy libPortabilityNOSH.dll to the simulation executable directory: boost::filesystem::copy_file: Impossibile trovare il percorso specificato, "isim\RCA_8bit_tb_isim_beh.exe.sim\libPortability.dll".
Compiled 9 VHDL Units
Built simulation executable C:/Users/Guido Di Chiara/Documents/Semestre Corrente/Architettura dei Sistemi di Elaborazione/Tesina nuova/Esercizio4/RCA_8bit_tb_isim_beh.exe
Fuse Memory Usage: 29496 KB
Fuse CPU Usage: 452 ms
