Running: C:\Xilinx\14.5\ISE_DS\ISE\bin\nt64\unwrapped\fuse.exe -intstyle ise -incremental -o C:/Users/fabio/Desktop/Elaborato/Esercizio1/mux_8_1_tb_isim_beh.exe -prj C:/Users/fabio/Desktop/Elaborato/Esercizio1/mux_8_1_tb_beh.prj work.mux_8_1_tb 
ISim P.58f (signature 0x7708f090)
Number of CPUs detected in this system: 8
Turning on mult-threading, number of parallel sub-compilation jobs: 16 
Determining compilation order of HDL files
Parsing VHDL file "C:/Users/fabio/Desktop/Elaborato/Esercizio1/mux_2_1.vhd" into library work
Parsing VHDL file "C:/Users/fabio/Desktop/Elaborato/Esercizio1/mux_4_1.vhd" into library work
Parsing VHDL file "C:/Users/fabio/Desktop/Elaborato/Esercizio1/mux_8_1.vhd" into library work
Parsing VHDL file "C:/Users/fabio/Desktop/Elaborato/Esercizio1/mux_8_1_tb.vhd" into library work
Starting static elaboration
Completed static elaboration
Compiling package standard
Compiling package std_logic_1164
Compiling architecture dataflow of entity mux_2_1 [mux_2_1_default]
Compiling architecture structural of entity mux_4_1 [mux_4_1_default]
Compiling architecture structural of entity mux_8_1 [mux_8_1_default]
Compiling architecture behavioral of entity mux_8_1_tb
Time Resolution for simulation is 1ps.
WARNING:Simulator - Unable to copy libPortabilityNOSH.dll to the simulation executable directory: boost::filesystem::copy_file: Impossibile trovare il percorso specificato, "isim\mux_8_1_tb_isim_beh.exe.sim\libPortability.dll".
Compiled 9 VHDL Units
Built simulation executable C:/Users/fabio/Desktop/Elaborato/Esercizio1/mux_8_1_tb_isim_beh.exe
Fuse Memory Usage: 29744 KB
Fuse CPU Usage: 687 ms
