Running: fuse.exe -relaunch -intstyle "ise" -incremental -o "C:/Users/Guido Di Chiara/Documents/Semestre Corrente/Architettura dei Sistemi di Elaborazione/Tesina/Esercizio8/Digital_watch_tb_isim_beh.exe" -prj "C:/Users/Guido Di Chiara/Documents/Semestre Corrente/Architettura dei Sistemi di Elaborazione/Tesina/Esercizio8/Digital_watch_tb_beh.prj" "work.Digital_watch_tb" 
ISim P.58f (signature 0x7708f090)
Number of CPUs detected in this system: 4
Turning on mult-threading, number of parallel sub-compilation jobs: 8 
Determining compilation order of HDL files
Parsing VHDL file "C:/Users/Guido Di Chiara/Documents/Semestre Corrente/Architettura dei Sistemi di Elaborazione/Tesina/Esercizio8/Counter_mod_M_load.vhd" into library work
Parsing VHDL file "C:/Users/Guido Di Chiara/Documents/Semestre Corrente/Architettura dei Sistemi di Elaborazione/Tesina/Esercizio8/Clock_filter.vhd" into library work
Parsing VHDL file "C:/Users/Guido Di Chiara/Documents/Semestre Corrente/Architettura dei Sistemi di Elaborazione/Tesina/Esercizio8/Digital_watch.vhd" into library work
Parsing VHDL file "C:/Users/Guido Di Chiara/Documents/Semestre Corrente/Architettura dei Sistemi di Elaborazione/Tesina/Esercizio8/Digital_watch_tb.vhd" into library work
Starting static elaboration
Completed static elaboration
Compiling package standard
Compiling package std_logic_1164
Compiling package std_logic_arith
Compiling package std_logic_unsigned
Compiling package numeric_std
Compiling architecture behavioral of entity clock_filter [\clock_filter(50000000,1)\]
Compiling architecture behavioral of entity Counter_mod_M_load [\Counter_mod_M_load(60,6)\]
Compiling architecture behavioral of entity Counter_mod_M_load [\Counter_mod_M_load(24,5)\]
Compiling architecture structural of entity Digital_watch [\Digital_watch(50000000,1)\]
Compiling architecture behavior of entity digital_watch_tb
Time Resolution for simulation is 1ps.
Waiting for 2 sub-compilation(s) to finish...
WARNING:Simulator - Unable to copy libPortabilityNOSH.dll to the simulation executable directory: boost::filesystem::copy_file: Impossibile trovare il percorso specificato, "isim\Digital_watch_tb_isim_beh.exe.sim\libPortability.dll".
Compiled 14 VHDL Units
Built simulation executable C:/Users/Guido Di Chiara/Documents/Semestre Corrente/Architettura dei Sistemi di Elaborazione/Tesina/Esercizio8/Digital_watch_tb_isim_beh.exe
Fuse Memory Usage: 37020 KB
Fuse CPU Usage: 624 ms
