ISim log file
Running: C:\Users\Guido Di Chiara\Documents\Semestre Corrente\Architettura dei Sistemi di Elaborazione\Tesina\Esercizio8\Digital_watch_tb_isim_beh.exe -intstyle ise -gui -tclbatch isim.cmd -wdb C:/Users/Guido Di Chiara/Documents/Semestre Corrente/Architettura dei Sistemi di Elaborazione/Tesina/Esercizio8/Digital_watch_tb_isim_beh.wdb 
ISim P.58f (signature 0x7708f090)
This is a Full version of ISim.
Time resolution is 1 ps
# onerror resume
# wave add /
# run 1000 ns
Simulator is doing circuit initialization process.
Finished circuit initialization process.
# run 5s
Stopped at time : 1600796960 ns : File "C:/Users/Guido Di Chiara/Documents/Semestre Corrente/Architettura dei Sistemi di Elaborazione/Tesina/Esercizio8/Clock_filter.vhd" Line 29
# run 5s
Stopped at time : 1653445190 ns : File "C:/Users/Guido Di Chiara/Documents/Semestre Corrente/Architettura dei Sistemi di Elaborazione/Tesina/Esercizio8/Digital_watch_tb.vhd" Line 67
# run 5s
Stopped at time : 3178114770 ns : File "C:/Users/Guido Di Chiara/Documents/Semestre Corrente/Architettura dei Sistemi di Elaborazione/Tesina/Esercizio8/Clock_filter.vhd" Line 29
ISim P.58f (signature 0x7708f090)
This is a Full version of ISim.
# run 1000 ns
Simulator is doing circuit initialization process.
Finished circuit initialization process.
# run 5s
Stopped at time : 4217362170 ns : File "C:/Users/Guido Di Chiara/Documents/Semestre Corrente/Architettura dei Sistemi di Elaborazione/Tesina/Esercizio8/Clock_filter.vhd" Line 29
ISim P.58f (signature 0x7708f090)
This is a Full version of ISim.
# run 1000 ns
Simulator is doing circuit initialization process.
Finished circuit initialization process.
# run 5s
Stopped at time : 1573981270 ns : File "C:/Users/Guido Di Chiara/Documents/Semestre Corrente/Architettura dei Sistemi di Elaborazione/Tesina/Esercizio8/Digital_watch_tb.vhd" Line 68
# run all
Stopped at time : 4358065140 ns : File "C:/Users/Guido Di Chiara/Documents/Semestre Corrente/Architettura dei Sistemi di Elaborazione/Tesina/Esercizio8/Clock_filter.vhd" Line 29
ISim P.58f (signature 0x7708f090)
This is a Full version of ISim.
# run 1000 ns
Simulator is doing circuit initialization process.
Finished circuit initialization process.
# run 5s
Stopped at time : 1439936100 ns : File "C:/Users/Guido Di Chiara/Documents/Semestre Corrente/Architettura dei Sistemi di Elaborazione/Tesina/Esercizio8/Digital_watch_tb.vhd" Line 66
# run all
Stopped at time : 2158751310 ns : File "C:/Users/Guido Di Chiara/Documents/Semestre Corrente/Architettura dei Sistemi di Elaborazione/Tesina/Esercizio8/Digital_watch_tb.vhd" Line 68
# run 5s
Stopped at time : 4566893260 ns : File "C:/Users/Guido Di Chiara/Documents/Semestre Corrente/Architettura dei Sistemi di Elaborazione/Tesina/Esercizio8/Digital_watch_tb.vhd" Line 66
ISim P.58f (signature 0x7708f090)
This is a Full version of ISim.
# run 1000 ns
Simulator is doing circuit initialization process.
Finished circuit initialization process.
# run 5s
Stopped at time : 4498493870 ns : File "C:/Users/Guido Di Chiara/Documents/Semestre Corrente/Architettura dei Sistemi di Elaborazione/Tesina/Esercizio8/Clock_filter.vhd" Line 29
ISim P.58f (signature 0x7708f090)
This is a Full version of ISim.
# run 1000 ns
Simulator is doing circuit initialization process.
Finished circuit initialization process.
# run 5s
Stopped at time : 4429003910 ns : File "C:/Users/Guido Di Chiara/Documents/Semestre Corrente/Architettura dei Sistemi di Elaborazione/Tesina/Esercizio8/Digital_watch_tb.vhd" Line 68
