ISim log file
Running: C:\Users\Guido Di Chiara\Documents\Semestre Corrente\Architettura dei Sistemi di Elaborazione\Tesina\Esercizio13\Esercizio13\NeuralNetwork_On_Board_tb_isim_beh.exe -intstyle ise -gui -tclbatch isim.cmd -wdb C:/Users/Guido Di Chiara/Documents/Semestre Corrente/Architettura dei Sistemi di Elaborazione/Tesina/Esercizio13/Esercizio13/NeuralNetwork_On_Board_tb_isim_beh.wdb 
ISim P.58f (signature 0x7708f090)
This is a Full version of ISim.
Time resolution is 1 ps
# onerror resume
# wave add /
# run 1000 ns
Simulator is doing circuit initialization process.
at 0 ps, Instance /neuralnetwork_on_board_tb/uut/Inst_Datapath/Inst_NeuronHL_0/Inst_Multiplier_1/ : Warning: There is an 'U'|'X'|'W'|'Z'|'-' in an arithmetic operand, the result will be 'X'(es).
Finished circuit initialization process.
ISim P.58f (signature 0x7708f090)
This is a Full version of ISim.
# run 1000 ns
Simulator is doing circuit initialization process.
at 0 ps, Instance /neuralnetwork_on_board_tb/uut/Inst_Datapath/Inst_NeuronHL_0/Inst_Multiplier_1/ : Warning: There is an 'U'|'X'|'W'|'Z'|'-' in an arithmetic operand, the result will be 'X'(es).
Finished circuit initialization process.
# run all
Stopped at time : 113877790 ns : File "C:/Users/Guido Di Chiara/Documents/Semestre Corrente/Architettura dei Sistemi di Elaborazione/Tesina/Esercizio13/Esercizio13/Clock_Filter.vhd" Line 24
ISim P.58f (signature 0x7708f090)
This is a Full version of ISim.
# run 1000 ns
Simulator is doing circuit initialization process.
at 0 ps, Instance /neuralnetwork_on_board_tb/uut/Inst_Datapath/Inst_NeuronHL_0/Inst_Multiplier_1/ : Warning: There is an 'U'|'X'|'W'|'Z'|'-' in an arithmetic operand, the result will be 'X'(es).
Finished circuit initialization process.
# run all
Stopped at time : 53803360 ns : File "C:/Users/Guido Di Chiara/Documents/Semestre Corrente/Architettura dei Sistemi di Elaborazione/Tesina/Esercizio13/Esercizio13/NeuralNetwork_On_Board_tb.vhd" Line 58
