Running: fuse.exe -relaunch -intstyle "ise" -incremental -o "C:/Users/Guido Di Chiara/Documents/Semestre Corrente/Architettura dei Sistemi di Elaborazione/Tesina/Esercizio12/BIPUSH/processor_tb_isim_beh.exe" -prj "C:/Users/Guido Di Chiara/Documents/Semestre Corrente/Architettura dei Sistemi di Elaborazione/Tesina/Esercizio12/BIPUSH/processor_tb_beh.prj" "work.processor_tb" 
ISim P.58f (signature 0x7708f090)
Number of CPUs detected in this system: 4
Turning on mult-threading, number of parallel sub-compilation jobs: 8 
Determining compilation order of HDL files
Parsing VHDL file "C:/Users/Guido Di Chiara/Documents/Semestre Corrente/Architettura dei Sistemi di Elaborazione/Tesina/Esercizio12/BIPUSH/common_defs.vhd" into library work
Parsing VHDL file "C:/Users/Guido Di Chiara/Documents/Semestre Corrente/Architettura dei Sistemi di Elaborazione/Tesina/Esercizio12/BIPUSH/control_store.vhd" into library work
Parsing VHDL file "C:/Users/Guido Di Chiara/Documents/Semestre Corrente/Architettura dei Sistemi di Elaborazione/Tesina/Esercizio12/BIPUSH/alu.vhd" into library work
Parsing VHDL file "C:/Users/Guido Di Chiara/Documents/Semestre Corrente/Architettura dei Sistemi di Elaborazione/Tesina/Esercizio12/BIPUSH/datapath.vhd" into library work
Parsing VHDL file "C:/Users/Guido Di Chiara/Documents/Semestre Corrente/Architettura dei Sistemi di Elaborazione/Tesina/Esercizio12/BIPUSH/control_unit.vhd" into library work
Parsing VHDL file "C:/Users/Guido Di Chiara/Documents/Semestre Corrente/Architettura dei Sistemi di Elaborazione/Tesina/Esercizio12/BIPUSH/processor.vhd" into library work
Parsing VHDL file "C:/Users/Guido Di Chiara/Documents/Semestre Corrente/Architettura dei Sistemi di Elaborazione/Tesina/Esercizio12/BIPUSH/dp_ar_ram.vhd" into library work
Parsing VHDL file "C:/Users/Guido Di Chiara/Documents/Semestre Corrente/Architettura dei Sistemi di Elaborazione/Tesina/Esercizio12/BIPUSH/processor_tb.vhd" into library work
Starting static elaboration
Completed static elaboration
Compiling package standard
Compiling package std_logic_1164
Compiling package common_defs
Compiling package numeric_std
Compiling architecture dataflow of entity control_store [control_store_default]
Compiling architecture behavioral of entity control_unit [control_unit_default]
Compiling architecture behavioral of entity alu [alu_default]
Compiling architecture behavioral of entity datapath [datapath_default]
Compiling architecture structural of entity processor [processor_default]
Compiling architecture behavioral of entity dp_ar_ram [dp_ar_ram_default]
Compiling architecture behavioral of entity processor_tb
Time Resolution for simulation is 1ps.
Waiting for 2 sub-compilation(s) to finish...
WARNING:Simulator - Unable to copy libPortabilityNOSH.dll to the simulation executable directory: boost::filesystem::copy_file: Impossibile trovare il percorso specificato, "isim\processor_tb_isim_beh.exe.sim\libPortability.dll".
Compiled 17 VHDL Units
Built simulation executable C:/Users/Guido Di Chiara/Documents/Semestre Corrente/Architettura dei Sistemi di Elaborazione/Tesina/Esercizio12/BIPUSH/processor_tb_isim_beh.exe
Fuse Memory Usage: 37024 KB
Fuse CPU Usage: 780 ms
