ISim log file
Running: C:\Users\Guido Di Chiara\Documents\Semestre Corrente\Architettura dei Sistemi di Elaborazione\Tesina\Esercizio12\BIPUSH\processor_tb_isim_beh.exe -intstyle ise -gui -tclbatch isim.cmd -wdb C:/Users/Guido Di Chiara/Documents/Semestre Corrente/Architettura dei Sistemi di Elaborazione/Tesina/Esercizio12/BIPUSH/processor_tb_isim_beh.wdb 
ISim P.58f (signature 0x7708f090)
This is a Full version of ISim.
Time resolution is 1 ps
# onerror resume
# wave add /
# run 1000 ns
Simulator is doing circuit initialization process.
at 0 ps, Instance /processor_tb/dut/control_unit/ : Warning: NUMERIC_STD."<": metavalue detected, returning FALSE
at 0 ps, Instance /processor_tb/dut/control_unit/control_store/ : Warning: NUMERIC_STD.TO_INTEGER: metavalue detected, returning 0
at 0 ps, Instance /processor_tb/dp_ar_ram/ : Warning: NUMERIC_STD.TO_INTEGER: metavalue detected, returning 0
at 0 ps, Instance /processor_tb/dp_ar_ram/ : Warning: NUMERIC_STD.TO_INTEGER: metavalue detected, returning 0
Finished circuit initialization process.
at 0 ps, Instance /processor_tb/dp_ar_ram/ : Warning: NUMERIC_STD.TO_INTEGER: metavalue detected, returning 0
at 5 ns(4), Instance /processor_tb/dut/control_unit/control_store/ : Warning: NUMERIC_STD.TO_INTEGER: metavalue detected, returning 0
ISim P.58f (signature 0x7708f090)
This is a Full version of ISim.
# run 1000 ns
Simulator is doing circuit initialization process.
at 0 ps, Instance /processor_tb/dut/control_unit/ : Warning: NUMERIC_STD."<": metavalue detected, returning FALSE
at 0 ps, Instance /processor_tb/dut/control_unit/control_store/ : Warning: NUMERIC_STD.TO_INTEGER: metavalue detected, returning 0
at 0 ps, Instance /processor_tb/dp_ar_ram/ : Warning: NUMERIC_STD.TO_INTEGER: metavalue detected, returning 0
at 0 ps, Instance /processor_tb/dp_ar_ram/ : Warning: NUMERIC_STD.TO_INTEGER: metavalue detected, returning 0
Finished circuit initialization process.
at 0 ps, Instance /processor_tb/dp_ar_ram/ : Warning: NUMERIC_STD.TO_INTEGER: metavalue detected, returning 0
at 5 ns(4), Instance /processor_tb/dut/control_unit/control_store/ : Warning: NUMERIC_STD.TO_INTEGER: metavalue detected, returning 0
ISim P.58f (signature 0x7708f090)
This is a Full version of ISim.
# run 1000 ns
Simulator is doing circuit initialization process.
at 0 ps, Instance /processor_tb/dut/control_unit/ : Warning: NUMERIC_STD."<": metavalue detected, returning FALSE
at 0 ps, Instance /processor_tb/dut/control_unit/control_store/ : Warning: NUMERIC_STD.TO_INTEGER: metavalue detected, returning 0
at 0 ps, Instance /processor_tb/dp_ar_ram/ : Warning: NUMERIC_STD.TO_INTEGER: metavalue detected, returning 0
at 0 ps, Instance /processor_tb/dp_ar_ram/ : Warning: NUMERIC_STD.TO_INTEGER: metavalue detected, returning 0
Finished circuit initialization process.
at 0 ps, Instance /processor_tb/dp_ar_ram/ : Warning: NUMERIC_STD.TO_INTEGER: metavalue detected, returning 0
at 5 ns(4), Instance /processor_tb/dut/control_unit/control_store/ : Warning: NUMERIC_STD.TO_INTEGER: metavalue detected, returning 0
