Release 14.5 - xst P.58f (nt64)
Copyright (c) 1995-2012 Xilinx, Inc.  All rights reserved.
--> Parameter TMPDIR set to xst/projnav.tmp


Total REAL time to Xst completion: 0.00 secs
Total CPU time to Xst completion: 0.16 secs
 
--> Parameter xsthdpdir set to xst


Total REAL time to Xst completion: 0.00 secs
Total CPU time to Xst completion: 0.16 secs
 
--> Reading design: display_on_board.prj

TABLE OF CONTENTS
  1) Synthesis Options Summary
  2) HDL Compilation
  3) Design Hierarchy Analysis
  4) HDL Analysis
  5) HDL Synthesis
     5.1) HDL Synthesis Report
  6) Advanced HDL Synthesis
     6.1) Advanced HDL Synthesis Report
  7) Low Level Synthesis
  8) Partition Report
  9) Final Report
	9.1) Device utilization summary
	9.2) Partition Resource Summary
	9.3) TIMING REPORT


=========================================================================
*                      Synthesis Options Summary                        *
=========================================================================
---- Source Parameters
Input File Name                    : "display_on_board.prj"
Input Format                       : mixed
Ignore Synthesis Constraint File   : NO

---- Target Parameters
Output File Name                   : "display_on_board"
Output Format                      : NGC
Target Device                      : xc3s250e-4-tq144

---- Source Options
Top Module Name                    : display_on_board
Automatic FSM Extraction           : YES
FSM Encoding Algorithm             : Auto
Safe Implementation                : No
FSM Style                          : LUT
RAM Extraction                     : Yes
RAM Style                          : Auto
ROM Extraction                     : Yes
Mux Style                          : Auto
Decoder Extraction                 : YES
Priority Encoder Extraction        : Yes
Shift Register Extraction          : YES
Logical Shifter Extraction         : YES
XOR Collapsing                     : YES
ROM Style                          : Auto
Mux Extraction                     : Yes
Resource Sharing                   : YES
Asynchronous To Synchronous        : NO
Multiplier Style                   : Auto
Automatic Register Balancing       : No

---- Target Options
Add IO Buffers                     : YES
Global Maximum Fanout              : 500
Add Generic Clock Buffer(BUFG)     : 24
Register Duplication               : YES
Slice Packing                      : YES
Optimize Instantiated Primitives   : NO
Use Clock Enable                   : Yes
Use Synchronous Set                : Yes
Use Synchronous Reset              : Yes
Pack IO Registers into IOBs        : Auto
Equivalent register Removal        : YES

---- General Options
Optimization Goal                  : Speed
Optimization Effort                : 1
Keep Hierarchy                     : No
Netlist Hierarchy                  : As_Optimized
RTL Output                         : Yes
Global Optimization                : AllClockNets
Read Cores                         : YES
Write Timing Constraints           : NO
Cross Clock Analysis               : NO
Hierarchy Separator                : /
Bus Delimiter                      : <>
Case Specifier                     : Maintain
Slice Utilization Ratio            : 100
BRAM Utilization Ratio             : 100
Verilog 2001                       : YES
Auto BRAM Packing                  : NO
Slice Utilization Ratio Delta      : 5

=========================================================================


=========================================================================
*                          HDL Compilation                              *
=========================================================================
Compiling vhdl file "C:/Users/Guido Di Chiara/Documents/Semestre Corrente/Architettura dei Sistemi di Elaborazione/Tesina/Esercizio2/cathodes_manager.vhd" in Library work.
Architecture behavioral of Entity cathodes_manager is up to date.
Compiling vhdl file "C:/Users/Guido Di Chiara/Documents/Semestre Corrente/Architettura dei Sistemi di Elaborazione/Tesina/Esercizio2/anodes_manager.vhd" in Library work.
Architecture behavioral of Entity anodes_manager is up to date.
Compiling vhdl file "C:/Users/Guido Di Chiara/Documents/Semestre Corrente/Architettura dei Sistemi di Elaborazione/Tesina/Esercizio2/display_seven_segments.vhd" in Library work.
Architecture structural of Entity display_seven_segments is up to date.
Compiling vhdl file "C:/Users/Guido Di Chiara/Documents/Semestre Corrente/Architettura dei Sistemi di Elaborazione/Tesina/Esercizio2/buffer_reg.vhd" in Library work.
Entity <buffer_reg> compiled.
Entity <buffer_reg> (Architecture <Behavioral>) compiled.
Compiling vhdl file "C:/Users/Guido Di Chiara/Documents/Semestre Corrente/Architettura dei Sistemi di Elaborazione/Tesina/Esercizio2/display_on_board.vhd" in Library work.
Entity <display_on_board> compiled.
Entity <display_on_board> (Architecture <structural>) compiled.

=========================================================================
*                     Design Hierarchy Analysis                         *
=========================================================================
Analyzing hierarchy for entity <display_on_board> in library <work> (architecture <structural>).

Analyzing hierarchy for entity <display_seven_segments> in library <work> (architecture <structural>).

Analyzing hierarchy for entity <buffer_reg> in library <work> (architecture <Behavioral>).

Analyzing hierarchy for entity <cathodes_manager> in library <work> (architecture <behavioral>).

Analyzing hierarchy for entity <anodes_manager> in library <work> (architecture <behavioral>) with generics.
	enable_digit = "0001"


=========================================================================
*                            HDL Analysis                               *
=========================================================================
Analyzing Entity <display_on_board> in library <work> (Architecture <structural>).
Entity <display_on_board> analyzed. Unit <display_on_board> generated.

Analyzing Entity <display_seven_segments> in library <work> (Architecture <structural>).
Entity <display_seven_segments> analyzed. Unit <display_seven_segments> generated.

Analyzing Entity <cathodes_manager> in library <work> (Architecture <behavioral>).
INFO:Xst:1561 - "C:/Users/Guido Di Chiara/Documents/Semestre Corrente/Architettura dei Sistemi di Elaborazione/Tesina/Esercizio2/cathodes_manager.vhd" line 52: Mux is complete : default of case is discarded
Entity <cathodes_manager> analyzed. Unit <cathodes_manager> generated.

Analyzing generic Entity <anodes_manager> in library <work> (Architecture <behavioral>).
	enable_digit = "0001"
Entity <anodes_manager> analyzed. Unit <anodes_manager> generated.

Analyzing Entity <buffer_reg> in library <work> (Architecture <Behavioral>).
Entity <buffer_reg> analyzed. Unit <buffer_reg> generated.


=========================================================================
*                           HDL Synthesis                               *
=========================================================================

Performing bidirectional port resolution...

Synthesizing Unit <buffer_reg>.
    Related source file is "C:/Users/Guido Di Chiara/Documents/Semestre Corrente/Architettura dei Sistemi di Elaborazione/Tesina/Esercizio2/buffer_reg.vhd".
    Found 4-bit register for signal <value>.
    Summary:
	inferred   4 D-type flip-flop(s).
Unit <buffer_reg> synthesized.


Synthesizing Unit <cathodes_manager>.
    Related source file is "C:/Users/Guido Di Chiara/Documents/Semestre Corrente/Architettura dei Sistemi di Elaborazione/Tesina/Esercizio2/cathodes_manager.vhd".
    Found 16x7-bit ROM for signal <cathodes_for_digit>.
    Summary:
	inferred   1 ROM(s).
Unit <cathodes_manager> synthesized.


Synthesizing Unit <anodes_manager>.
    Related source file is "C:/Users/Guido Di Chiara/Documents/Semestre Corrente/Architettura dei Sistemi di Elaborazione/Tesina/Esercizio2/anodes_manager.vhd".
Unit <anodes_manager> synthesized.


Synthesizing Unit <display_seven_segments>.
    Related source file is "C:/Users/Guido Di Chiara/Documents/Semestre Corrente/Architettura dei Sistemi di Elaborazione/Tesina/Esercizio2/display_seven_segments.vhd".
Unit <display_seven_segments> synthesized.


Synthesizing Unit <display_on_board>.
    Related source file is "C:/Users/Guido Di Chiara/Documents/Semestre Corrente/Architettura dei Sistemi di Elaborazione/Tesina/Esercizio2/display_on_board.vhd".
Unit <display_on_board> synthesized.


=========================================================================
HDL Synthesis Report

Macro Statistics
# ROMs                                                 : 1
 16x7-bit ROM                                          : 1
# Registers                                            : 1
 4-bit register                                        : 1

=========================================================================

=========================================================================
*                       Advanced HDL Synthesis                          *
=========================================================================


=========================================================================
Advanced HDL Synthesis Report

Macro Statistics
# ROMs                                                 : 1
 16x7-bit ROM                                          : 1
# Registers                                            : 4
 Flip-Flops                                            : 4

=========================================================================

=========================================================================
*                         Low Level Synthesis                           *
=========================================================================

Optimizing unit <display_on_board> ...

Mapping all equations...
Building and optimizing final netlist ...
Found area constraint ratio of 100 (+ 5) on block display_on_board, actual ratio is 0.

Final Macro Processing ...

=========================================================================
Final Register Report

Macro Statistics
# Registers                                            : 4
 Flip-Flops                                            : 4

=========================================================================

=========================================================================
*                           Partition Report                            *
=========================================================================

Partition Implementation Status
-------------------------------

  No Partitions were found in this design.

-------------------------------

=========================================================================
*                            Final Report                               *
=========================================================================
Final Results
RTL Top Level Output File Name     : display_on_board.ngr
Top Level Output File Name         : display_on_board
Output Format                      : NGC
Optimization Goal                  : Speed
Keep Hierarchy                     : No

Design Statistics
# IOs                              : 19

Cell Usage :
# BELS                             : 9
#      GND                         : 1
#      LUT4                        : 7
#      VCC                         : 1
# FlipFlops/Latches                : 4
#      FDCE                        : 4
# Clock Buffers                    : 1
#      BUFGP                       : 1
# IO Buffers                       : 18
#      IBUF                        : 6
#      OBUF                        : 12
=========================================================================

Device utilization summary:
---------------------------

Selected Device : 3s250etq144-4 

 Number of Slices:                        4  out of   2448     0%  
 Number of 4 input LUTs:                  7  out of   4896     0%  
 Number of IOs:                          19
 Number of bonded IOBs:                  19  out of    108    17%  
    IOB Flip Flops:                       4
 Number of GCLKs:                         1  out of     24     4%  

---------------------------
Partition Resource Summary:
---------------------------

  No Partitions were found in this design.

---------------------------


=========================================================================
TIMING REPORT

NOTE: THESE TIMING NUMBERS ARE ONLY A SYNTHESIS ESTIMATE.
      FOR ACCURATE TIMING INFORMATION PLEASE REFER TO THE TRACE REPORT
      GENERATED AFTER PLACE-and-ROUTE.

Clock Information:
------------------
-----------------------------------+------------------------+-------+
Clock Signal                       | Clock buffer(FF name)  | Load  |
-----------------------------------+------------------------+-------+
clock                              | BUFGP                  | 4     |
-----------------------------------+------------------------+-------+

Asynchronous Control Signals Information:
----------------------------------------
-----------------------------------+------------------------+-------+
Control Signal                     | Buffer(FF name)        | Load  |
-----------------------------------+------------------------+-------+
reset                              | IBUF                   | 4     |
-----------------------------------+------------------------+-------+

Timing Summary:
---------------
Speed Grade: -4

   Minimum period: No path found
   Minimum input arrival time before clock: 2.360ns
   Maximum output required time after clock: 5.870ns
   Maximum combinational path delay: No path found

Timing Detail:
--------------
All values displayed in nanoseconds (ns)

=========================================================================
Timing constraint: Default OFFSET IN BEFORE for Clock 'clock'
  Total number of paths / destination ports: 8 / 8
-------------------------------------------------------------------------
Offset:              2.360ns (Levels of Logic = 1)
  Source:            load_value (PAD)
  Destination:       br/value_3 (FF)
  Destination Clock: clock rising

  Data Path: load_value to br/value_3
                                Gate     Net
    Cell:in->out      fanout   Delay   Delay  Logical Name (Net Name)
    ----------------------------------------  ------------
     IBUF:I->O             4   1.218   0.587  load_value_IBUF (load_value_IBUF)
     FDCE:CE                   0.555          br/value_0
    ----------------------------------------
    Total                      2.360ns (1.773ns logic, 0.587ns route)
                                       (75.1% logic, 24.9% route)

=========================================================================
Timing constraint: Default OFFSET OUT AFTER for Clock 'clock'
  Total number of paths / destination ports: 28 / 7
-------------------------------------------------------------------------
Offset:              5.870ns (Levels of Logic = 2)
  Source:            br/value_1 (FF)
  Destination:       cathodes<6> (PAD)
  Source Clock:      clock rising

  Data Path: br/value_1 to cathodes<6>
                                Gate     Net
    Cell:in->out      fanout   Delay   Delay  Logical Name (Net Name)
    ----------------------------------------  ------------
     FDCE:C->Q             7   0.591   0.883  br/value_1 (br/value_1)
     LUT4:I0->O            1   0.704   0.420  seven_segment_array/cathodes_instance/Mrom_cathodes_for_digit21 (cathodes_2_OBUF)
     OBUF:I->O                 3.272          cathodes_2_OBUF (cathodes<2>)
    ----------------------------------------
    Total                      5.870ns (4.567ns logic, 1.303ns route)
                                       (77.8% logic, 22.2% route)

=========================================================================


Total REAL time to Xst completion: 5.00 secs
Total CPU time to Xst completion: 4.91 secs
 
--> 

Total memory usage is 4518960 kilobytes

Number of errors   :    0 (   0 filtered)
Number of warnings :    0 (   0 filtered)
Number of infos    :    1 (   0 filtered)

