--------------------------------------------------------------------------------
Release 14.5 Trace  (nt64)
Copyright (c) 1995-2012 Xilinx, Inc.  All rights reserved.

C:\Xilinx\14.5\ISE_DS\ISE\bin\nt64\unwrapped\trce.exe -intstyle ise -v 3 -s 4
-n 3 -fastpaths -xml UART_Tappo.twx UART_Tappo.ncd -o UART_Tappo.twr
UART_Tappo.pcf -ucf BasysRevEGeneral.ucf

Design file:              UART_Tappo.ncd
Physical constraint file: UART_Tappo.pcf
Device,package,speed:     xc3s250e,tq144,-4 (PRODUCTION 1.27 2013-03-26)
Report level:             verbose report

Environment Variable      Effect 
--------------------      ------ 
NONE                      No environment variables were set
--------------------------------------------------------------------------------

INFO:Timing:2698 - No timing constraints found, doing default enumeration.
INFO:Timing:3412 - To improve timing, see the Timing Closure User Guide (UG612).
INFO:Timing:2752 - To get complete path coverage, use the unconstrained paths 
   option. All paths that are not constrained will be reported in the 
   unconstrained paths section(s) of the report.
INFO:Timing:3339 - The clock-to-out numbers in this timing report are based on 
   a 50 Ohm transmission line loading model.  For the details of this model, 
   and for more information on accounting for different loading conditions, 
   please see the device datasheet.
INFO:Timing:3390 - This architecture does not support a default System Jitter 
   value, please add SYSTEM_JITTER constraint to the UCF to modify the Clock 
   Uncertainty calculation.
INFO:Timing:3389 - This architecture does not support 'Discrete Jitter' and 
   'Phase Error' calculations, these terms will be zero in the Clock 
   Uncertainty calculation.  Please make appropriate modification to 
   SYSTEM_JITTER to account for the unsupported Discrete Jitter and Phase 
   Error.



Data Sheet report:
-----------------
All values displayed in nanoseconds (ns)

Setup/Hold to clock CLOCK
------------+------------+------------+------------------+--------+
            |Max Setup to|Max Hold to |                  | Clock  |
Source      | clk (edge) | clk (edge) |Internal Clock(s) | Phase  |
------------+------------+------------+------------------+--------+
IN_VALUE<0> |    0.739(R)|    0.601(R)|CLOCK_BUFGP       |   0.000|
IN_VALUE<1> |    0.407(R)|    0.866(R)|CLOCK_BUFGP       |   0.000|
IN_VALUE<2> |    0.661(R)|    0.664(R)|CLOCK_BUFGP       |   0.000|
IN_VALUE<3> |    0.016(R)|    1.180(R)|CLOCK_BUFGP       |   0.000|
IN_VALUE<4> |    0.037(R)|    1.163(R)|CLOCK_BUFGP       |   0.000|
IN_VALUE<5> |    0.236(R)|    1.005(R)|CLOCK_BUFGP       |   0.000|
IN_VALUE<6> |    0.366(R)|    0.900(R)|CLOCK_BUFGP       |   0.000|
IN_VALUE<7> |    0.725(R)|    0.613(R)|CLOCK_BUFGP       |   0.000|
RESET       |    5.653(R)|   -0.774(R)|CLOCK_BUFGP       |   0.000|
------------+------------+------------+------------------+--------+

Clock CLOCK to Pad
------------+------------+------------------+--------+
            | clk (edge) |                  | Clock  |
Destination |   to PAD   |Internal Clock(s) | Phase  |
------------+------------+------------------+--------+
OUT_VALUE<0>|    7.599(R)|CLOCK_BUFGP       |   0.000|
OUT_VALUE<1>|    7.349(R)|CLOCK_BUFGP       |   0.000|
OUT_VALUE<2>|    7.634(R)|CLOCK_BUFGP       |   0.000|
OUT_VALUE<3>|    7.636(R)|CLOCK_BUFGP       |   0.000|
OUT_VALUE<4>|    7.882(R)|CLOCK_BUFGP       |   0.000|
OUT_VALUE<5>|    7.891(R)|CLOCK_BUFGP       |   0.000|
OUT_VALUE<6>|    8.011(R)|CLOCK_BUFGP       |   0.000|
OUT_VALUE<7>|    8.015(R)|CLOCK_BUFGP       |   0.000|
------------+------------+------------------+--------+

Clock to Setup on destination clock CLOCK
---------------+---------+---------+---------+---------+
               | Src:Rise| Src:Fall| Src:Rise| Src:Fall|
Source Clock   |Dest:Rise|Dest:Rise|Dest:Fall|Dest:Fall|
---------------+---------+---------+---------+---------+
CLOCK          |    5.407|         |         |         |
---------------+---------+---------+---------+---------+


Analysis completed Mon Feb 03 19:26:49 2020 
--------------------------------------------------------------------------------

Trace Settings:
-------------------------
Trace Settings 

Peak Memory Usage: 4507 MB



