Release 14.5 - xst P.58f (nt64)
Copyright (c) 1995-2012 Xilinx, Inc.  All rights reserved.
--> Parameter TMPDIR set to xst/projnav.tmp


Total REAL time to Xst completion: 1.00 secs
Total CPU time to Xst completion: 0.75 secs
 
--> Parameter xsthdpdir set to xst


Total REAL time to Xst completion: 1.00 secs
Total CPU time to Xst completion: 0.75 secs
 
--> Reading design: D_ETd_Sami.prj

TABLE OF CONTENTS
  1) Synthesis Options Summary
  2) HDL Compilation
  3) Design Hierarchy Analysis
  4) HDL Analysis
  5) HDL Synthesis
     5.1) HDL Synthesis Report
  6) Advanced HDL Synthesis
     6.1) Advanced HDL Synthesis Report
  7) Low Level Synthesis
  8) Partition Report
  9) Final Report
	9.1) Device utilization summary
	9.2) Partition Resource Summary
	9.3) TIMING REPORT


=========================================================================
*                      Synthesis Options Summary                        *
=========================================================================
---- Source Parameters
Input File Name                    : "D_ETd_Sami.prj"
Input Format                       : mixed
Ignore Synthesis Constraint File   : NO

---- Target Parameters
Output File Name                   : "D_ETd_Sami"
Output Format                      : NGC
Target Device                      : xc3s1200e-4-fg320

---- Source Options
Top Module Name                    : D_ETd_Sami
Automatic FSM Extraction           : YES
FSM Encoding Algorithm             : Auto
Safe Implementation                : No
FSM Style                          : LUT
RAM Extraction                     : Yes
RAM Style                          : Auto
ROM Extraction                     : Yes
Mux Style                          : Auto
Decoder Extraction                 : YES
Priority Encoder Extraction        : Yes
Shift Register Extraction          : YES
Logical Shifter Extraction         : YES
XOR Collapsing                     : YES
ROM Style                          : Auto
Mux Extraction                     : Yes
Resource Sharing                   : YES
Asynchronous To Synchronous        : NO
Multiplier Style                   : Auto
Automatic Register Balancing       : No

---- Target Options
Add IO Buffers                     : YES
Global Maximum Fanout              : 500
Add Generic Clock Buffer(BUFG)     : 24
Register Duplication               : YES
Slice Packing                      : YES
Optimize Instantiated Primitives   : NO
Use Clock Enable                   : Yes
Use Synchronous Set                : Yes
Use Synchronous Reset              : Yes
Pack IO Registers into IOBs        : Auto
Equivalent register Removal        : YES

---- General Options
Optimization Goal                  : Speed
Optimization Effort                : 1
Keep Hierarchy                     : No
Netlist Hierarchy                  : As_Optimized
RTL Output                         : Yes
Global Optimization                : AllClockNets
Read Cores                         : YES
Write Timing Constraints           : NO
Cross Clock Analysis               : NO
Hierarchy Separator                : /
Bus Delimiter                      : <>
Case Specifier                     : Maintain
Slice Utilization Ratio            : 100
BRAM Utilization Ratio             : 100
Verilog 2001                       : YES
Auto BRAM Packing                  : NO
Slice Utilization Ratio Delta      : 5

=========================================================================


=========================================================================
*                          HDL Compilation                              *
=========================================================================
Compiling vhdl file "C:/Users/Guido Di Chiara/Documents/Semestre Corrente/Architettura dei Sistemi di Elaborazione/Tesina/Esercizio3/Flip-Flop_D_ETd_Sami/Latch_RS.vhd" in Library work.
Entity <RS_latch> compiled.
Entity <RS_latch> (Architecture <behavioral>) compiled.
Compiling vhdl file "C:/Users/Guido Di Chiara/Documents/Semestre Corrente/Architettura dei Sistemi di Elaborazione/Tesina/Esercizio3/Flip-Flop_D_ETd_Sami/Latch_D.vhd" in Library work.
Entity <D_latch> compiled.
Entity <D_latch> (Architecture <structural>) compiled.
Compiling vhdl file "C:/Users/Guido Di Chiara/Documents/Semestre Corrente/Architettura dei Sistemi di Elaborazione/Tesina/Esercizio3/Flip-Flop_D_ETd_Sami/Derivatore.vhd" in Library work.
Entity <Derivatore> compiled.
Entity <Derivatore> (Architecture <dataflow>) compiled.
Compiling vhdl file "C:/Users/Guido Di Chiara/Documents/Semestre Corrente/Architettura dei Sistemi di Elaborazione/Tesina/Esercizio3/Flip-Flop_D_ETd_Sami/Flip-Flop_D_ETd_SAMI.vhd" in Library work.
Entity <D_ETd_Sami> compiled.
Entity <D_ETd_Sami> (Architecture <structural>) compiled.

=========================================================================
*                     Design Hierarchy Analysis                         *
=========================================================================
Analyzing hierarchy for entity <D_ETd_Sami> in library <work> (architecture <structural>).

Analyzing hierarchy for entity <D_latch> in library <work> (architecture <structural>).

Analyzing hierarchy for entity <Derivatore> in library <work> (architecture <dataflow>).

Analyzing hierarchy for entity <RS_latch> in library <work> (architecture <behavioral>).


=========================================================================
*                            HDL Analysis                               *
=========================================================================
Analyzing Entity <D_ETd_Sami> in library <work> (Architecture <structural>).
Entity <D_ETd_Sami> analyzed. Unit <D_ETd_Sami> generated.

Analyzing Entity <D_latch> in library <work> (Architecture <structural>).
Entity <D_latch> analyzed. Unit <D_latch> generated.

Analyzing Entity <RS_latch> in library <work> (Architecture <behavioral>).
Entity <RS_latch> analyzed. Unit <RS_latch> generated.

Analyzing Entity <Derivatore> in library <work> (Architecture <dataflow>).
WARNING:Xst:1537 - "C:/Users/Guido Di Chiara/Documents/Semestre Corrente/Architettura dei Sistemi di Elaborazione/Tesina/Esercizio3/Flip-Flop_D_ETd_Sami/Derivatore.vhd" line 6: Generic <delay> of type Time is ignored.
Entity <Derivatore> analyzed. Unit <Derivatore> generated.


=========================================================================
*                           HDL Synthesis                               *
=========================================================================

Performing bidirectional port resolution...

Synthesizing Unit <Derivatore>.
    Related source file is "C:/Users/Guido Di Chiara/Documents/Semestre Corrente/Architettura dei Sistemi di Elaborazione/Tesina/Esercizio3/Flip-Flop_D_ETd_Sami/Derivatore.vhd".
Unit <Derivatore> synthesized.


Synthesizing Unit <RS_latch>.
    Related source file is "C:/Users/Guido Di Chiara/Documents/Semestre Corrente/Architettura dei Sistemi di Elaborazione/Tesina/Esercizio3/Flip-Flop_D_ETd_Sami/Latch_RS.vhd".
WARNING:Xst:737 - Found 1-bit latch for signal <TEMP>. Latches may be generated from incomplete case or if statements. We do not recommend the use of latches in FPGA/CPLD designs, as they may lead to timing problems.
Unit <RS_latch> synthesized.


Synthesizing Unit <D_latch>.
    Related source file is "C:/Users/Guido Di Chiara/Documents/Semestre Corrente/Architettura dei Sistemi di Elaborazione/Tesina/Esercizio3/Flip-Flop_D_ETd_Sami/Latch_D.vhd".
Unit <D_latch> synthesized.


Synthesizing Unit <D_ETd_Sami>.
    Related source file is "C:/Users/Guido Di Chiara/Documents/Semestre Corrente/Architettura dei Sistemi di Elaborazione/Tesina/Esercizio3/Flip-Flop_D_ETd_Sami/Flip-Flop_D_ETd_SAMI.vhd".
Unit <D_ETd_Sami> synthesized.


=========================================================================
HDL Synthesis Report

Macro Statistics
# Latches                                              : 1
 1-bit latch                                           : 1

=========================================================================

=========================================================================
*                       Advanced HDL Synthesis                          *
=========================================================================

WARNING:Xst:1710 - FF/Latch <0> (without init value) has a constant value of 0 in block <TEMP>. This FF/Latch will be trimmed during the optimization process.
WARNING:Xst:1290 - Hierarchical block <Derivatore0> is unconnected in block <D_ETd_Sami>.
   It will be removed from the design.

=========================================================================
Advanced HDL Synthesis Report

Macro Statistics
# Latches                                              : 1
 1-bit latch                                           : 1

=========================================================================

=========================================================================
*                         Low Level Synthesis                           *
=========================================================================
WARNING:Xst:1710 - FF/Latch <D_latch0/RS_latch0/TEMP> (without init value) has a constant value of 0 in block <D_ETd_Sami>. This FF/Latch will be trimmed during the optimization process.

Optimizing unit <D_ETd_Sami> ...

Mapping all equations...
Building and optimizing final netlist ...
Found area constraint ratio of 100 (+ 5) on block D_ETd_Sami, actual ratio is 0.

Final Macro Processing ...

=========================================================================
Final Register Report

Found no macro
=========================================================================

=========================================================================
*                           Partition Report                            *
=========================================================================

Partition Implementation Status
-------------------------------

  No Partitions were found in this design.

-------------------------------

=========================================================================
*                            Final Report                               *
=========================================================================
Final Results
RTL Top Level Output File Name     : D_ETd_Sami.ngr
Top Level Output File Name         : D_ETd_Sami
Output Format                      : NGC
Optimization Goal                  : Speed
Keep Hierarchy                     : No

Design Statistics
# IOs                              : 4

Cell Usage :
# BELS                             : 2
#      GND                         : 1
#      VCC                         : 1
# IO Buffers                       : 2
#      OBUF                        : 2
=========================================================================

Device utilization summary:
---------------------------

Selected Device : 3s1200efg320-4 

 Number of Slices:                        0  out of   8672     0%  
 Number of IOs:                           4
 Number of bonded IOBs:                   2  out of    250     0%  

---------------------------
Partition Resource Summary:
---------------------------

  No Partitions were found in this design.

---------------------------


=========================================================================
TIMING REPORT

NOTE: THESE TIMING NUMBERS ARE ONLY A SYNTHESIS ESTIMATE.
      FOR ACCURATE TIMING INFORMATION PLEASE REFER TO THE TRACE REPORT
      GENERATED AFTER PLACE-and-ROUTE.

Clock Information:
------------------
No clock signals found in this design

Asynchronous Control Signals Information:
----------------------------------------
No asynchronous control signals found in this design

Timing Summary:
---------------
Speed Grade: -4

   Minimum period: No path found
   Minimum input arrival time before clock: No path found
   Maximum output required time after clock: No path found
   Maximum combinational path delay: No path found

Timing Detail:
--------------
All values displayed in nanoseconds (ns)

=========================================================================


Total REAL time to Xst completion: 6.00 secs
Total CPU time to Xst completion: 6.00 secs
 
--> 

Total memory usage is 4502780 kilobytes

Number of errors   :    0 (   0 filtered)
Number of warnings :    5 (   0 filtered)
Number of infos    :    0 (   0 filtered)

