Running: fuse.exe -relaunch -intstyle "ise" -incremental -o "C:/Users/Guido Di Chiara/Documents/Semestre Corrente/Architettura dei Sistemi di Elaborazione/Tesina/Esercizio5/ShiftRegiste_on_board_tb_isim_beh.exe" -prj "C:/Users/Guido Di Chiara/Documents/Semestre Corrente/Architettura dei Sistemi di Elaborazione/Tesina/Esercizio5/ShiftRegiste_on_board_tb_beh.prj" "work.ShiftRegiste_on_board_tb" 
ISim P.58f (signature 0x7708f090)
Number of CPUs detected in this system: 4
Turning on mult-threading, number of parallel sub-compilation jobs: 8 
Determining compilation order of HDL files
Parsing VHDL file "C:/Users/Guido Di Chiara/Documents/Semestre Corrente/Architettura dei Sistemi di Elaborazione/Tesina/Esercizio5/MUX_2_1_Nbit.vhd" into library work
Parsing VHDL file "C:/Users/Guido Di Chiara/Documents/Semestre Corrente/Architettura dei Sistemi di Elaborazione/Tesina/Esercizio5/FF_D.vhd" into library work
Parsing VHDL file "C:/Users/Guido Di Chiara/Documents/Semestre Corrente/Architettura dei Sistemi di Elaborazione/Tesina/Esercizio5/ShiftRegister.vhd" into library work
Parsing VHDL file "C:/Users/Guido Di Chiara/Documents/Semestre Corrente/Architettura dei Sistemi di Elaborazione/Tesina/Esercizio5/Debouncer.vhd" into library work
Parsing VHDL file "C:/Users/Guido Di Chiara/Documents/Semestre Corrente/Architettura dei Sistemi di Elaborazione/Tesina/Esercizio5/clock_filter.vhd" into library work
Parsing VHDL file "C:/Users/Guido Di Chiara/Documents/Semestre Corrente/Architettura dei Sistemi di Elaborazione/Tesina/Esercizio5/ShiftRegister_on_board.vhd" into library work
Parsing VHDL file "C:/Users/Guido Di Chiara/Documents/Semestre Corrente/Architettura dei Sistemi di Elaborazione/Tesina/Esercizio5/ShiftRegiste_on_board_tb.vhd" into library work
Starting static elaboration
Completed static elaboration
Compiling package standard
Compiling package std_logic_1164
Compiling architecture dataflow of entity MUX_2_1_Nbit [\MUX_2_1_Nbit(1)\]
Compiling architecture behavioral of entity FF_D [ff_d_default]
Compiling architecture structural of entity ShiftRegister [\ShiftRegister(8)\]
Compiling architecture behavioral of entity Debouncer [debouncer_default]
Compiling architecture behavioral of entity clock_filter [\clock_filter(50000000,500)\]
Compiling architecture behavioral of entity ShiftRegister_on_board [shiftregister_on_board_default]
Compiling architecture behavior of entity shiftregiste_on_board_tb
Time Resolution for simulation is 1ps.
Waiting for 1 sub-compilation(s) to finish...
WARNING:Simulator - Unable to copy libPortabilityNOSH.dll to the simulation executable directory: boost::filesystem::copy_file: Impossibile trovare il percorso specificato, "isim\ShiftRegiste_on_board_tb_isim_beh.exe.sim\libPortability.dll".
Compiled 15 VHDL Units
Built simulation executable C:/Users/Guido Di Chiara/Documents/Semestre Corrente/Architettura dei Sistemi di Elaborazione/Tesina/Esercizio5/ShiftRegiste_on_board_tb_isim_beh.exe
Fuse Memory Usage: 29744 KB
Fuse CPU Usage: 436 ms
