Release 14.5 - xst P.58f (nt64)
Copyright (c) 1995-2012 Xilinx, Inc.  All rights reserved.
--> Parameter TMPDIR set to xst/projnav.tmp


Total REAL time to Xst completion: 0.00 secs
Total CPU time to Xst completion: 0.09 secs
 
--> Parameter xsthdpdir set to xst


Total REAL time to Xst completion: 0.00 secs
Total CPU time to Xst completion: 0.09 secs
 
--> Reading design: ShiftRegister.prj

TABLE OF CONTENTS
  1) Synthesis Options Summary
  2) HDL Compilation
  3) Design Hierarchy Analysis
  4) HDL Analysis
  5) HDL Synthesis
     5.1) HDL Synthesis Report
  6) Advanced HDL Synthesis
     6.1) Advanced HDL Synthesis Report
  7) Low Level Synthesis
  8) Partition Report
  9) Final Report
	9.1) Device utilization summary
	9.2) Partition Resource Summary
	9.3) TIMING REPORT


=========================================================================
*                      Synthesis Options Summary                        *
=========================================================================
---- Source Parameters
Input File Name                    : "ShiftRegister.prj"
Input Format                       : mixed
Ignore Synthesis Constraint File   : NO

---- Target Parameters
Output File Name                   : "ShiftRegister"
Output Format                      : NGC
Target Device                      : xc3s250e-4-tq144

---- Source Options
Top Module Name                    : ShiftRegister
Automatic FSM Extraction           : YES
FSM Encoding Algorithm             : Auto
Safe Implementation                : No
FSM Style                          : LUT
RAM Extraction                     : Yes
RAM Style                          : Auto
ROM Extraction                     : Yes
Mux Style                          : Auto
Decoder Extraction                 : YES
Priority Encoder Extraction        : Yes
Shift Register Extraction          : YES
Logical Shifter Extraction         : YES
XOR Collapsing                     : YES
ROM Style                          : Auto
Mux Extraction                     : Yes
Resource Sharing                   : YES
Asynchronous To Synchronous        : NO
Multiplier Style                   : Auto
Automatic Register Balancing       : No

---- Target Options
Add IO Buffers                     : YES
Global Maximum Fanout              : 500
Add Generic Clock Buffer(BUFG)     : 24
Register Duplication               : YES
Slice Packing                      : YES
Optimize Instantiated Primitives   : NO
Use Clock Enable                   : Yes
Use Synchronous Set                : Yes
Use Synchronous Reset              : Yes
Pack IO Registers into IOBs        : Auto
Equivalent register Removal        : YES

---- General Options
Optimization Goal                  : Speed
Optimization Effort                : 1
Keep Hierarchy                     : No
Netlist Hierarchy                  : As_Optimized
RTL Output                         : Yes
Global Optimization                : AllClockNets
Read Cores                         : YES
Write Timing Constraints           : NO
Cross Clock Analysis               : NO
Hierarchy Separator                : /
Bus Delimiter                      : <>
Case Specifier                     : Maintain
Slice Utilization Ratio            : 100
BRAM Utilization Ratio             : 100
Verilog 2001                       : YES
Auto BRAM Packing                  : NO
Slice Utilization Ratio Delta      : 5

=========================================================================


=========================================================================
*                          HDL Compilation                              *
=========================================================================
Compiling vhdl file "C:/Users/fabio/Desktop/Elaborato/Esercizio5/mux_2_1.vhd" in Library work.
Architecture dataflow of Entity mux_2_1 is up to date.
Compiling vhdl file "C:/Users/fabio/Desktop/Elaborato/Esercizio5/FF_D.vhd" in Library work.
Entity <ff_d> compiled.
Entity <ff_d> (Architecture <behavioral>) compiled.
Compiling vhdl file "C:/Users/fabio/Desktop/Elaborato/Esercizio5/ShiftRegister.vhd" in Library work.
Architecture structural of Entity shiftregister is up to date.

=========================================================================
*                     Design Hierarchy Analysis                         *
=========================================================================
Analyzing hierarchy for entity <ShiftRegister> in library <work> (architecture <structural>) with generics.
	n = 8

Analyzing hierarchy for entity <mux_2_1> in library <work> (architecture <dataflow>).

Analyzing hierarchy for entity <FF_D> in library <work> (architecture <behavioral>).


=========================================================================
*                            HDL Analysis                               *
=========================================================================
Analyzing generic Entity <ShiftRegister> in library <work> (Architecture <structural>).
	n = 8
Entity <ShiftRegister> analyzed. Unit <ShiftRegister> generated.

Analyzing Entity <mux_2_1> in library <work> (Architecture <dataflow>).
Entity <mux_2_1> analyzed. Unit <mux_2_1> generated.

Analyzing Entity <FF_D> in library <work> (Architecture <behavioral>).
Entity <FF_D> analyzed. Unit <FF_D> generated.


=========================================================================
*                           HDL Synthesis                               *
=========================================================================

Performing bidirectional port resolution...

Synthesizing Unit <mux_2_1>.
    Related source file is "C:/Users/fabio/Desktop/Elaborato/Esercizio5/mux_2_1.vhd".
Unit <mux_2_1> synthesized.


Synthesizing Unit <FF_D>.
    Related source file is "C:/Users/fabio/Desktop/Elaborato/Esercizio5/FF_D.vhd".
WARNING:Xst:647 - Input <RESET> is never used. This port will be preserved and left unconnected if it belongs to a top-level block or it belongs to a sub-block and the hierarchy of this sub-block is preserved.
    Found 1-bit register for signal <Q>.
    Summary:
	inferred   1 D-type flip-flop(s).
Unit <FF_D> synthesized.


Synthesizing Unit <ShiftRegister>.
    Related source file is "C:/Users/fabio/Desktop/Elaborato/Esercizio5/ShiftRegister.vhd".
Unit <ShiftRegister> synthesized.


=========================================================================
HDL Synthesis Report

Macro Statistics
# Registers                                            : 8
 1-bit register                                        : 8

=========================================================================

=========================================================================
*                       Advanced HDL Synthesis                          *
=========================================================================


=========================================================================
Advanced HDL Synthesis Report

Macro Statistics
# Registers                                            : 8
 Flip-Flops                                            : 8

=========================================================================

=========================================================================
*                         Low Level Synthesis                           *
=========================================================================

Optimizing unit <ShiftRegister> ...

Mapping all equations...
Building and optimizing final netlist ...
Found area constraint ratio of 100 (+ 5) on block ShiftRegister, actual ratio is 0.

Final Macro Processing ...

=========================================================================
Final Register Report

Macro Statistics
# Registers                                            : 8
 Flip-Flops                                            : 8

=========================================================================

=========================================================================
*                           Partition Report                            *
=========================================================================

Partition Implementation Status
-------------------------------

  No Partitions were found in this design.

-------------------------------

=========================================================================
*                            Final Report                               *
=========================================================================
Final Results
RTL Top Level Output File Name     : ShiftRegister.ngr
Top Level Output File Name         : ShiftRegister
Output Format                      : NGC
Optimization Goal                  : Speed
Keep Hierarchy                     : No

Design Statistics
# IOs                              : 20

Cell Usage :
# BELS                             : 8
#      LUT3                        : 8
# FlipFlops/Latches                : 8
#      FDE                         : 8
# Clock Buffers                    : 1
#      BUFGP                       : 1
# IO Buffers                       : 18
#      IBUF                        : 10
#      OBUF                        : 8
=========================================================================

Device utilization summary:
---------------------------

Selected Device : 3s250etq144-4 

 Number of Slices:                        4  out of   2448     0%  
 Number of Slice Flip Flops:              8  out of   4896     0%  
 Number of 4 input LUTs:                  8  out of   4896     0%  
 Number of IOs:                          20
 Number of bonded IOBs:                  19  out of    108    17%  
 Number of GCLKs:                         1  out of     24     4%  

---------------------------
Partition Resource Summary:
---------------------------

  No Partitions were found in this design.

---------------------------


=========================================================================
TIMING REPORT

NOTE: THESE TIMING NUMBERS ARE ONLY A SYNTHESIS ESTIMATE.
      FOR ACCURATE TIMING INFORMATION PLEASE REFER TO THE TRACE REPORT
      GENERATED AFTER PLACE-and-ROUTE.

Clock Information:
------------------
-----------------------------------+------------------------+-------+
Clock Signal                       | Clock buffer(FF name)  | Load  |
-----------------------------------+------------------------+-------+
CLK                                | BUFGP                  | 8     |
-----------------------------------+------------------------+-------+

Asynchronous Control Signals Information:
----------------------------------------
No asynchronous control signals found in this design

Timing Summary:
---------------
Speed Grade: -4

   Minimum period: 2.085ns (Maximum Frequency: 479.616MHz)
   Minimum input arrival time before clock: 3.162ns
   Maximum output required time after clock: 4.310ns
   Maximum combinational path delay: No path found

Timing Detail:
--------------
All values displayed in nanoseconds (ns)

=========================================================================
Timing constraint: Default period analysis for Clock 'CLK'
  Clock period: 2.085ns (frequency: 479.616MHz)
  Total number of paths / destination ports: 8 / 8
-------------------------------------------------------------------------
Delay:               2.085ns (Levels of Logic = 1)
  Source:            FF_D_all[6].FF_D_i/Q (FF)
  Destination:       FF_D_all[7].FF_D_i/Q (FF)
  Source Clock:      CLK rising
  Destination Clock: CLK rising

  Data Path: FF_D_all[6].FF_D_i/Q to FF_D_all[7].FF_D_i/Q
                                Gate     Net
    Cell:in->out      fanout   Delay   Delay  Logical Name (Net Name)
    ----------------------------------------  ------------
     FDE:C->Q              2   0.591   0.482  FF_D_all[6].FF_D_i/Q (FF_D_all[6].FF_D_i/Q)
     LUT3:I2->O            1   0.704   0.000  mux_2_1_all[7].r.rest/U1 (T<7>)
     FDE:D                     0.308          FF_D_all[7].FF_D_i/Q
    ----------------------------------------
    Total                      2.085ns (1.603ns logic, 0.482ns route)
                                       (76.9% logic, 23.1% route)

=========================================================================
Timing constraint: Default OFFSET IN BEFORE for Clock 'CLK'
  Total number of paths / destination ports: 24 / 16
-------------------------------------------------------------------------
Offset:              3.162ns (Levels of Logic = 2)
  Source:            LOAD (PAD)
  Destination:       FF_D_all[7].FF_D_i/Q (FF)
  Destination Clock: CLK rising

  Data Path: LOAD to FF_D_all[7].FF_D_i/Q
                                Gate     Net
    Cell:in->out      fanout   Delay   Delay  Logical Name (Net Name)
    ----------------------------------------  ------------
     IBUF:I->O             8   1.218   0.932  LOAD_IBUF (LOAD_IBUF)
     LUT3:I0->O            1   0.704   0.000  mux_2_1_all[7].r.rest/U1 (T<7>)
     FDE:D                     0.308          FF_D_all[7].FF_D_i/Q
    ----------------------------------------
    Total                      3.162ns (2.230ns logic, 0.932ns route)
                                       (70.5% logic, 29.5% route)

=========================================================================
Timing constraint: Default OFFSET OUT AFTER for Clock 'CLK'
  Total number of paths / destination ports: 8 / 8
-------------------------------------------------------------------------
Offset:              4.310ns (Levels of Logic = 1)
  Source:            FF_D_all[0].FF_D_i/Q (FF)
  Destination:       Y<0> (PAD)
  Source Clock:      CLK rising

  Data Path: FF_D_all[0].FF_D_i/Q to Y<0>
                                Gate     Net
    Cell:in->out      fanout   Delay   Delay  Logical Name (Net Name)
    ----------------------------------------  ------------
     FDE:C->Q              2   0.591   0.447  FF_D_all[0].FF_D_i/Q (FF_D_all[0].FF_D_i/Q)
     OBUF:I->O                 3.272          Y_0_OBUF (Y<0>)
    ----------------------------------------
    Total                      4.310ns (3.863ns logic, 0.447ns route)
                                       (89.6% logic, 10.4% route)

=========================================================================


Total REAL time to Xst completion: 4.00 secs
Total CPU time to Xst completion: 3.92 secs
 
--> 

Total memory usage is 4519320 kilobytes

Number of errors   :    0 (   0 filtered)
Number of warnings :    1 (   0 filtered)
Number of infos    :    0 (   0 filtered)

